2025-07-09 13:21:20 [main] INFO  api.test.UserTests - *********Creating User**********
2025-07-09 13:21:25 [main] INFO  api.test.UserTests - ********* User Created **********
2025-07-09 13:21:25 [main] INFO  api.test.UserTests - *********Retriving User details**********
2025-07-09 13:21:26 [main] INFO  api.test.UserTests - *********updating User**********
2025-07-09 13:21:30 [main] INFO  api.test.UserTests - *********Deleting User**********
2025-07-09 13:21:32 [main] INFO  api.test.UserTests - *********User Deleted**********
2025-07-09 13:47:00 [main] INFO  api.test.UserTests2 - *********Creating User**********
2025-07-09 13:47:04 [main] INFO  api.test.UserTests2 - ********* User Created **********
2025-07-09 13:47:04 [main] INFO  api.test.UserTests2 - *********Retriving User details**********
2025-07-09 13:47:06 [main] INFO  api.test.UserTests2 - *********updating User**********
2025-07-09 13:47:10 [main] INFO  api.test.UserTests2 - *********User Updated**********
2025-07-09 13:47:10 [main] INFO  api.test.UserTests2 - *********Deleting User**********
2025-07-09 13:47:12 [main] INFO  api.test.UserTests2 - *********User Deleted**********
2025-07-09 14:02:25 [main] INFO  api.test.UserTests2 - *********Creating User**********
2025-07-09 14:02:33 [main] INFO  api.test.UserTests2 - ********* User Created **********
2025-07-09 14:02:33 [main] INFO  api.test.UserTests2 - *********Retriving User details**********
2025-07-09 14:02:35 [main] INFO  api.test.UserTests2 - *********User details displayed**********
2025-07-09 14:02:35 [main] INFO  api.test.UserTests2 - *********updating User**********
2025-07-09 14:02:39 [main] INFO  api.test.UserTests2 - *********Deleting User**********
2025-07-09 14:02:40 [main] INFO  api.test.UserTests2 - *********User Deleted**********
2025-07-10 01:48:37 [main] INFO  api.test.UserTests - *********Creating User**********
2025-07-10 01:48:38 [main] INFO  api.test.UserTests - ********* User Created **********
2025-07-10 01:48:38 [main] INFO  api.test.UserTests - *********Retriving User details**********
2025-07-10 01:48:39 [main] INFO  api.test.UserTests - *********updating User**********
2025-07-10 01:48:42 [main] INFO  api.test.UserTests - *********User Updated**********
2025-07-10 01:48:42 [main] INFO  api.test.UserTests - *********Deleting User**********
2025-07-10 14:27:28 [main] INFO  api.test.UserTests - *********Creating User**********
2025-07-10 14:27:31 [main] INFO  api.test.UserTests - ********* User Created **********
2025-07-10 14:27:31 [main] INFO  api.test.UserTests - *********Retriving User details**********
2025-07-10 14:27:32 [main] INFO  api.test.UserTests - *********User details displayed**********
2025-07-10 14:27:32 [main] INFO  api.test.UserTests - *********updating User**********
2025-07-10 14:27:35 [main] INFO  api.test.UserTests - *********Deleting User**********
2025-07-10 14:28:19 [main] INFO  api.test.UserTests - *********Creating User**********
2025-07-10 14:28:23 [main] INFO  api.test.UserTests - ********* User Created **********
2025-07-10 14:28:23 [main] INFO  api.test.UserTests - *********Retriving User details**********
2025-07-10 14:28:23 [main] INFO  api.test.UserTests - *********updating User**********
2025-07-10 14:28:23 [main] INFO  api.test.UserTests - *********Deleting User**********
2025-07-10 14:29:50 [main] INFO  api.test.UserTests - *********Creating User**********
2025-07-10 14:29:52 [main] INFO  api.test.UserTests - ********* User Created **********
2025-07-10 14:32:18 [main] INFO  api.test.UserTests - *********Creating User**********
2025-07-10 14:32:21 [main] INFO  api.test.UserTests - ********* User Created **********
2025-07-10 14:32:21 [main] INFO  api.test.UserTests - *********Retriving User details**********
2025-07-10 14:32:23 [main] INFO  api.test.UserTests - *********User details displayed**********
2025-07-10 14:32:23 [main] INFO  api.test.UserTests - *********updating User**********
2025-07-10 14:32:25 [main] INFO  api.test.UserTests - *********Deleting User**********
2025-07-10 14:32:27 [main] INFO  api.test.UserTests - *********User Deleted**********
2025-07-10 14:33:16 [main] INFO  api.test.UserTests - *********Creating User**********
2025-07-10 14:33:19 [main] INFO  api.test.UserTests - ********* User Created **********
2025-07-10 14:33:19 [main] INFO  api.test.UserTests - *********Retriving User details**********
2025-07-10 14:33:20 [main] INFO  api.test.UserTests - *********updating User**********
2025-07-10 14:33:23 [main] INFO  api.test.UserTests - *********User Updated**********
2025-07-10 14:33:23 [main] INFO  api.test.UserTests - *********Deleting User**********
2025-07-10 14:33:24 [main] INFO  api.test.UserTests - *********User Deleted**********
2025-07-10 14:35:18 [main] INFO  api.test.UserTests - *********Creating User**********
2025-07-10 14:35:22 [main] INFO  api.test.UserTests - ********* User Created **********
2025-07-10 14:35:22 [main] INFO  api.test.UserTests - *********Retriving User details**********
2025-07-10 14:35:24 [main] INFO  api.test.UserTests - *********User details displayed**********
2025-07-10 14:35:24 [main] INFO  api.test.UserTests - *********updating User**********
2025-07-10 14:35:24 [main] INFO  api.test.UserTests - *********Deleting User**********
2025-07-10 14:35:44 [main] INFO  api.test.UserTests - *********Creating User**********
2025-07-10 14:35:49 [main] INFO  api.test.UserTests - ********* User Created **********
2025-07-10 14:35:49 [main] INFO  api.test.UserTests - *********Retriving User details**********
2025-07-10 14:35:50 [main] INFO  api.test.UserTests - *********User details displayed**********
2025-07-10 14:35:50 [main] INFO  api.test.UserTests - *********updating User**********
2025-07-10 14:35:50 [main] INFO  api.test.UserTests - *********Deleting User**********
2025-07-10 14:38:08 [main] INFO  api.test.UserTests - *********Creating User**********
2025-07-10 14:38:12 [main] INFO  api.test.UserTests - ********* User Created **********
2025-07-10 14:38:12 [main] INFO  api.test.UserTests - *********Retriving User details**********
2025-07-10 14:38:13 [main] INFO  api.test.UserTests - *********updating User**********
2025-07-10 14:38:16 [main] INFO  api.test.UserTests - *********User Updated**********
2025-07-10 14:38:16 [main] INFO  api.test.UserTests - *********Deleting User**********
2025-07-10 14:38:37 [main] INFO  api.test.UserTests - *********Creating User**********
2025-07-10 14:38:40 [main] INFO  api.test.UserTests - ********* User Created **********
2025-07-10 14:38:40 [main] INFO  api.test.UserTests - *********Retriving User details**********
2025-07-10 14:38:41 [main] INFO  api.test.UserTests - *********updating User**********
2025-07-10 14:38:43 [main] INFO  api.test.UserTests - *********User Updated**********
2025-07-10 14:38:43 [main] INFO  api.test.UserTests - *********Deleting User**********
2025-07-10 14:38:45 [main] INFO  api.test.UserTests - *********User Deleted**********
2025-07-10 14:39:57 [main] INFO  api.test.UserTests - *********Creating User**********
2025-07-10 14:40:00 [main] INFO  api.test.UserTests - ********* User Created **********
2025-07-10 14:40:00 [main] INFO  api.test.UserTests - *********Retriving User details**********
2025-07-10 14:40:01 [main] INFO  api.test.UserTests - *********User details displayed**********
2025-07-10 14:40:02 [main] INFO  api.test.UserTests - *********updating User**********
2025-07-10 14:40:04 [main] INFO  api.test.UserTests - *********User Updated**********
2025-07-10 14:40:04 [main] INFO  api.test.UserTests - *********Deleting User**********
2025-07-10 14:40:05 [main] INFO  api.test.UserTests - *********User Deleted**********
